Arguments: 
  /Users/guilhermegazzo/.nvm/versions/node/v12.3.1/bin/node /Users/guilhermegazzo/.nvm/versions/node/v12.3.1/bin/yarn build

PATH: 
  /Users/guilhermegazzo/.nvm/versions/node/v12.3.1/bin:/Users/guilhermegazzo/.cargo/bin:~/bin:/usr/local/bin:/usr/local/sbin:/usr/local/mysql/bin:/opt/local/bin:/opt/local/sbin:/Library/Frameworks/Python.framework/Versions/Current/bin:/Applications/mongo/bin:/usr/bin:/bin:/usr/sbin:/sbin:/opt/X11/bin:/Users/guilhermegazzo/.node/bin:/Users/guilhermegazzo/.npm-packages/bin:/Users/guilhermegazzo/bin:/Applications:/usr/local/bin:/usr/bin:/bin:/usr/sbin:/sbin:/Library/Apple/usr/bin:/Library/Apple/bin:/usr/local/go/bin:/usr/local/MacGPG2/bin:/Applications/Wireshark.app/Contents/MacOS:/Users/guilhermegazzo/.rvm/bin:/Users/guilhermegazzo/Library/Android/sdk/tools:/Users/guilhermegazzo/Library/Android/sdk/platform-tools:/Users/guilhermegazzo/.rvm/bin

Yarn version: 
  1.16.0

Node version: 
  12.3.1

Platform: 
  darwin x64

Trace: 
  SyntaxError: /Users/guilhermegazzo/dev/Rocket.Chat.Fuselage/packages/ui-kit/package.json: Unexpected token } in JSON at position 2532
      at JSON.parse (<anonymous>)
      at /Users/guilhermegazzo/.nvm/versions/node/v12.3.1/lib/node_modules/yarn/lib/cli.js:1625:59
      at Generator.next (<anonymous>)
      at step (/Users/guilhermegazzo/.nvm/versions/node/v12.3.1/lib/node_modules/yarn/lib/cli.js:304:30)
      at /Users/guilhermegazzo/.nvm/versions/node/v12.3.1/lib/node_modules/yarn/lib/cli.js:315:13

npm manifest: 
  {
    "name": "@rocket.chat/ui-kit",
    "version": "0.2.0-alpha.16",
    "description": "Package ui kit ",
    "author": "Guilherme Gazzo <guilhermegazzo@gmail.com>",
    "homepage": "https://github.com/RocketChat/Rocket.Chat.Fuselage#readme",
    "license": "MIT",
    "main": "dist/index.js",
    "directories": {
      "lib": "lib",
      "test": "__tests__"
    },
    "files": [
      "lib"
    ],
    "publishConfig": {
      "access": "public"
    },
    "repository": {
      "type": "git",
      "url": "git+https://github.com/RocketChat/Rocket.Chat.Fuselage.git"
    },
    "scripts": {
      "test": "echo \"Error: run tests from root\" && exit 1",
      "storybook": "start-storybook -p 6006",
      "build-storybook": "build-storybook",
      "loki:test": "loki test --chromeDockerImage=chinello/alpine-chrome:73 --chromeFlags=\"--headless --no-sandbox --disable-gpu --disable-features=VizDisplayCompositor\" --verboseRenderer --requireReference --reactUri file:./storybook-static",
      "loki:update": "loki update --chromeDockerImage=chinello/alpine-chrome:73 --chromeFlags=\"--headless --no-sandbox --disable-gpu --disable-features=VizDisplayCompositor\" --verboseRenderer --requireReference --reactUri file:./storybook-static",
      "loki:test-ci": "loki test --chromeFlags=\"--headless --no-sandbox --disable-gpu --disable-features=VizDisplayCompositor\" --verboseRenderer --requireReference --reactUri file:./storybook-static",
      "loki:update-ci": "loki update --chromeFlags=\"--headless --no-sandbox --disable-gpu --disable-features=VizDisplayCompositor\" --verboseRenderer --requireReference --reactUri file:./storybook-static"
    },
    "bugs": {
      "url": "https://github.com/RocketChat/Rocket.Chat.Fuselage/issues"
    },
    "dependencies": {
      "@rocket.chat/fuselage": "^0.2.0-alpha.16"
    },
    "devDependencies": {
      "@babel/core": "^7.7.4",
      "@babel/plugin-transform-runtime": "^7.5.0",
      "@babel/preset-env": "^7.4.5",
      "@babel/preset-react": "^7.7.4",
      "@storybook/addon-actions": "^5.2.6",
      "@storybook/addon-backgrounds": "^5.0.11",
      "@storybook/addon-centered": "^5.0.11",
      "@storybook/addon-docs": "^5.2.1",
      "@storybook/addon-jest": "^5.0.11",
      "@storybook/addon-knobs": "^5.0.11",
      "@storybook/addon-links": "^5.2.6",
      "@storybook/addon-options": "^5.0.11",
      "@storybook/addon-viewport": "^5.0.11",
      "@storybook/addons": "^5.2.6",
      "@storybook/react": "^5.2.6",
      "@storybook/theming": "^5.0.11",
      "babel-loader": "^8.0.6",
      "loki": "^0.18.1",
      "ts-loader": "^6.2.1",
      "typescript": "^3.7.2",
    },
    "loki": {
      "configurations": {
        "chrome.laptop": {
          "target": "chrome.docker",
          "width": 1366,
          "height": 768,
          "deviceScaleFactor": 1,
          "mobile": false,
          "fitWindow": false
        },
        "chrome.iphone7": {
          "target": "chrome.docker",
          "preset": "iPhone 7"
        }
      }
    }
  }

yarn manifest: 
  No manifest

Lockfile: 
  No lockfile
